2026-05-23 10:52:42.185 +00:00 [INF] Now listening on: http://localhost:5000
2026-05-23 10:52:42.274 +00:00 [INF] Application started. Press Ctrl+C to shut down.
2026-05-23 10:52:42.280 +00:00 [INF] Hosting environment: Production
2026-05-23 10:52:42.281 +00:00 [INF] Content root path: /workspaces/KorthaienBOT/MtgoBot.Dashboard
2026-05-23 10:52:51.642 +00:00 [INF] Request starting HTTP/1.1 GET http://localhost:5000/ - null null
2026-05-23 10:52:51.772 +00:00 [INF] Request finished HTTP/1.1 GET http://localhost:5000/ - 404 0 null 130.1946ms
2026-05-23 10:52:51.792 +00:00 [INF] Request reached the end of the middleware pipeline without being handled by application code. Request path: GET http://localhost:5000/, Response status code: 404
2026-05-23 10:52:53.630 +00:00 [INF] Request starting HTTP/1.1 GET http://localhost:5000/ - null null
2026-05-23 10:52:53.632 +00:00 [INF] Request finished HTTP/1.1 GET http://localhost:5000/ - 404 0 null 2.3329ms
2026-05-23 10:52:53.633 +00:00 [INF] Request reached the end of the middleware pipeline without being handled by application code. Request path: GET http://localhost:5000/, Response status code: 404
2026-05-23 10:53:08.370 +00:00 [INF] Application is shutting down...
2026-05-23 10:53:24.885 +00:00 [INF] Now listening on: http://localhost:5000
2026-05-23 10:53:24.946 +00:00 [INF] Application started. Press Ctrl+C to shut down.
2026-05-23 10:53:24.947 +00:00 [INF] Hosting environment: Production
2026-05-23 10:53:24.948 +00:00 [INF] Content root path: /workspaces/KorthaienBOT/MtgoBot.Dashboard
2026-05-23 10:53:28.196 +00:00 [INF] Request starting HTTP/1.1 GET http://localhost:5000/ - null null
2026-05-23 10:53:28.285 +00:00 [INF] Request finished HTTP/1.1 GET http://localhost:5000/ - 404 0 null 90.4707ms
2026-05-23 10:53:28.303 +00:00 [INF] Request reached the end of the middleware pipeline without being handled by application code. Request path: GET http://localhost:5000/, Response status code: 404
2026-05-23 10:53:43.858 +00:00 [INF] Application is shutting down...
2026-05-23 10:53:50.836 +00:00 [INF] Now listening on: http://localhost:5000
2026-05-23 10:53:50.901 +00:00 [INF] Application started. Press Ctrl+C to shut down.
2026-05-23 10:53:50.902 +00:00 [INF] Hosting environment: Production
2026-05-23 10:53:50.902 +00:00 [INF] Content root path: /workspaces/KorthaienBOT/MtgoBot.Dashboard
2026-05-23 10:53:53.564 +00:00 [INF] Request starting HTTP/1.1 GET http://localhost:5000/ - null null
2026-05-23 10:53:53.732 +00:00 [INF] Sending file. Request path: '/index.html'. Physical path: '/workspaces/KorthaienBOT/MtgoBot.Dashboard/wwwroot/index.html'
2026-05-23 10:53:53.735 +00:00 [INF] Request finished HTTP/1.1 GET http://localhost:5000/index.html - 200 21614 text/html 173.5676ms
2026-05-23 10:53:54.360 +00:00 [INF] Request starting HTTP/1.1 GET http://localhost:5000/favicon.ico - null null
2026-05-23 10:53:54.372 +00:00 [INF] Request finished HTTP/1.1 GET http://localhost:5000/favicon.ico - 404 0 null 12.3611ms
2026-05-23 10:53:54.375 +00:00 [INF] Request reached the end of the middleware pipeline without being handled by application code. Request path: GET http://localhost:5000/favicon.ico, Response status code: 404
2026-05-23 10:55:29.457 +00:00 [INF] Application is shutting down...
